<?xml version="1.0" encoding="UTF-8"?>
<!-- Generated by org.testng.reporters.JUnitXMLReporter -->
<testsuite ignored="2" hostname="Ktex03" failures="0" tests="1" name="Default test" time="4.437" errors="0" timestamp="2022-06-26T11:04:35 EDT">
  <testcase classname="com.project.qa.testcases.LoginPageTest" name="loginPageTitleTest" time="0.028"/>
  <testcase classname="com.project.qa.testcases.LoginPageTest" name="crmLogoImgTest" time="0.0">
    <ignored/>
  </testcase> <!-- crmLogoImgTest -->
  <testcase classname="com.project.qa.testcases.LoginPageTest" name="loginTest" time="0.0">
    <ignored/>
  </testcase> <!-- loginTest -->
</testsuite> <!-- Default test -->
